{"level":"info","message":"Parameters 10 and 10 received for addition","service":"calculate-service"}
{"level":"info","message":"Parameters 10 and 10 received for addition","service":"calculate-service"}
{"level":"error","message":"n1 is incorrectly defined","service":"calculate-service"}
{"level":"info","message":"Parameters 10 and 5 received for addition","service":"calculate-service"}
{"level":"error","message":"n1 is incorrectly defined","service":"calculate-service"}
{"level":"info","message":"Parameters NaN and 5 received for addition","service":"calculate-service"}
{"level":"info","message":"Parameters NaN and 5 received for addition","service":"calculate-service"}
{"level":"error","message":"n1 is incorrectly defined","service":"calculate-service"}
{"level":"error","message":"n1 is incorrectly defined","service":"calculate-service"}
{"level":"info","message":"Parameters 5 and 5 received for multiplication","service":"calculate-service"}
{"level":"info","message":"Parameters 3 and 4 received for subtraction","service":"calculate-service"}
{"level":"info","message":"Parameters 3 and 4 received for division","service":"calculate-service"}
{"level":"info","message":"Parameters 0 and 4 received for division","service":"calculate-service"}
{"level":"error","message":"division by 0 is not possible","service":"calculate-service"}
{"level":"error","message":"n1 is incorrectly defined","service":"calculate-service"}
{"level":"info","message":"Parameters 10 and 20 received for addition","service":"calculate-service"}
{"level":"info","message":"Parameters 10 and 20 received for addition","service":"calculate-service"}
{"level":"info","message":"Parameters 2 and 3 received for multiplication","service":"calculate-service"}
{"level":"error","message":"division by 0 is not possible","service":"calculate-service"}
{"level":"info","message":"Parameters 2 and 3 received for multiplication","service":"calculate-service"}
{"level":"info","message":"Parameters 4 and 1 received for subtraction","service":"calculate-service"}
{"level":"info","message":"Parameters 10 and 5 received for division","service":"calculate-service"}
{"level":"error","message":"n1 is incorrectly defined","service":"calculate-service"}
{"level":"error","message":"n1 is incorrectly defined","service":"calculate-service"}
{"level":"error","message":"n1 is incorrectly defined","service":"calculate-service"}
{"level":"error","message":"n1 is incorrectly defined","service":"calculate-service"}
{"level":"error","message":"n1 is incorrectly defined","service":"calculate-service"}
{"level":"error","message":"n1 is incorrectly defined","service":"calculate-service"}
{"level":"error","message":"n1 is incorrectly defined","service":"calculate-service"}
{"level":"error","message":"n1 is incorrectly defined","service":"calculate-service"}
{"level":"error","message":"n1 is incorrectly defined","service":"calculate-service"}
{"level":"error","message":"n1 is incorrectly defined","service":"calculate-service"}
{"level":"error","message":"n2 is incorrectly defined","service":"calculate-service"}
{"level":"error","message":"n2 is incorrectly defined","service":"calculate-service"}
{"level":"error","message":"n2 is incorrectly defined","service":"calculate-service"}
{"level":"info","message":"Parameters 10 and 5 received for multiplication","service":"calculate-service"}
{"level":"info","message":"Parameters 10 and 5 received for multiplication","service":"calculate-service"}
{"level":"info","message":"Parameters 10 and 5 received for multiplication","service":"calculate-service"}
{"level":"info","message":"Parameters 10 and 5 received for multiplication","service":"calculate-service"}
